2020-07-02 09:39:58,337 DEBUG (BaseJdbcLogger.java:159)- <==      Total: 2
2020-07-02 09:40:06,127 DEBUG (BaseJdbcLogger.java:159)- ==>  Preparing: SELECT d.*,m.`realname` AS moperator FROM delivery d,mpuser m WHERE d.`operator`=m.`mpid` 
2020-07-02 09:40:06,136 DEBUG (BaseJdbcLogger.java:159)- ==> Parameters: 
2020-07-02 09:40:06,138 DEBUG (BaseJdbcLogger.java:159)- <==      Total: 2
2020-07-02 09:40:29,638 DEBUG (BaseJdbcLogger.java:159)- ==>  Preparing: SELECT d.*,m.`realname` AS moperator FROM delivery d,mpuser m WHERE d.`operator`=m.`mpid` AND d.aftertype=? 
2020-07-02 09:40:29,639 DEBUG (BaseJdbcLogger.java:159)- ==> Parameters: 1(Integer)
2020-07-02 09:40:29,642 DEBUG (BaseJdbcLogger.java:159)- <==      Total: 1
2020-07-02 09:40:30,382 DEBUG (BaseJdbcLogger.java:159)- ==>  Preparing: SELECT d.*,m.`realname` AS moperator FROM delivery d,mpuser m WHERE d.`operator`=m.`mpid` 
2020-07-02 09:40:30,382 DEBUG (BaseJdbcLogger.java:159)- ==> Parameters: 
2020-07-02 09:40:30,385 DEBUG (BaseJdbcLogger.java:159)- <==      Total: 2
2020-07-02 09:50:00,734 INFO (StartupInfoLogger.java:50)- Starting MedicalApplication on DESKTOP-E0OONUJ with PID 4664 (E:\IDEAProject\medical\medical-web\target\classes started by ZZW in E:\IDEAProject\medical)
2020-07-02 09:50:00,734 DEBUG (StartupInfoLogger.java:53)- Running with Spring Boot v2.1.1.RELEASE, Spring v5.1.3.RELEASE
2020-07-02 09:50:00,735 INFO (SpringApplication.java:675)- No active profile set, falling back to default profiles: default
2020-07-02 09:51:13,241 INFO (StartupInfoLogger.java:50)- Starting MedicalApplication on DESKTOP-E0OONUJ with PID 4664 (E:\IDEAProject\medical\medical-web\target\classes started by ZZW in E:\IDEAProject\medical)
2020-07-02 09:51:13,241 DEBUG (StartupInfoLogger.java:53)- Running with Spring Boot v2.1.1.RELEASE, Spring v5.1.3.RELEASE
2020-07-02 09:51:13,241 INFO (SpringApplication.java:675)- No active profile set, falling back to default profiles: default
2020-07-02 09:55:37,860 INFO (StartupInfoLogger.java:50)- Starting MedicalApplication on DESKTOP-E0OONUJ with PID 4664 (E:\IDEAProject\medical\medical-web\target\classes started by ZZW in E:\IDEAProject\medical)
2020-07-02 09:55:37,861 DEBUG (StartupInfoLogger.java:53)- Running with Spring Boot v2.1.1.RELEASE, Spring v5.1.3.RELEASE
2020-07-02 09:55:37,861 INFO (SpringApplication.java:675)- No active profile set, falling back to default profiles: default
2020-07-02 09:56:09,399 INFO (StartupInfoLogger.java:50)- Starting MedicalApplication on DESKTOP-E0OONUJ with PID 4664 (E:\IDEAProject\medical\medical-web\target\classes started by ZZW in E:\IDEAProject\medical)
2020-07-02 09:56:09,400 DEBUG (StartupInfoLogger.java:53)- Running with Spring Boot v2.1.1.RELEASE, Spring v5.1.3.RELEASE
2020-07-02 09:56:09,400 INFO (SpringApplication.java:675)- No active profile set, falling back to default profiles: default
2020-07-02 09:58:44,061 INFO (StartupInfoLogger.java:50)- Starting MedicalApplication on DESKTOP-E0OONUJ with PID 4664 (E:\IDEAProject\medical\medical-web\target\classes started by ZZW in E:\IDEAProject\medical)
2020-07-02 09:58:44,061 DEBUG (StartupInfoLogger.java:53)- Running with Spring Boot v2.1.1.RELEASE, Spring v5.1.3.RELEASE
2020-07-02 09:58:44,061 INFO (SpringApplication.java:675)- No active profile set, falling back to default profiles: default
2020-07-02 10:00:28,694 INFO (StartupInfoLogger.java:50)- Starting MedicalApplication on DESKTOP-E0OONUJ with PID 4664 (E:\IDEAProject\medical\medical-web\target\classes started by ZZW in E:\IDEAProject\medical)
2020-07-02 10:00:28,694 DEBUG (StartupInfoLogger.java:53)- Running with Spring Boot v2.1.1.RELEASE, Spring v5.1.3.RELEASE
2020-07-02 10:00:28,694 INFO (SpringApplication.java:675)- No active profile set, falling back to default profiles: default
