2020-07-03 10:19:29,473 DEBUG (BaseJdbcLogger.java:159)- ==>  Preparing: SELECT a.*,m.realname FROM `amendrecord` a,mpuser m WHERE m.`mpid`=a.operator LIMIT ? 
2020-07-03 10:19:29,482 DEBUG (BaseJdbcLogger.java:159)- ==> Parameters: 10(Integer)
2020-07-03 10:19:29,496 DEBUG (BaseJdbcLogger.java:159)- <==      Total: 1
2020-07-03 10:19:34,952 DEBUG (BaseJdbcLogger.java:159)- ==>  Preparing: SELECT mpid,mname,realname,password,phone,mailbox,birthday,wechatid,qq,sex,address,roleid FROM mpuser 
2020-07-03 10:19:34,955 DEBUG (BaseJdbcLogger.java:159)- ==> Parameters: 
2020-07-03 10:19:34,960 DEBUG (BaseJdbcLogger.java:159)- <==      Total: 2
2020-07-03 10:23:43,602 INFO (StartupInfoLogger.java:50)- Starting MedicalApplication on WIN-QT0S34JCSRR with PID 10008 (E:\IdeaProjects\medical\medical-web\target\classes started by Administrator in E:\IdeaProjects\medical)
2020-07-03 10:23:43,602 DEBUG (StartupInfoLogger.java:53)- Running with Spring Boot v2.1.1.RELEASE, Spring v5.1.3.RELEASE
2020-07-03 10:23:43,603 INFO (SpringApplication.java:675)- No active profile set, falling back to default profiles: default
2020-07-03 10:23:46,945 INFO (StartupInfoLogger.java:50)- Starting MedicalApplication on WIN-QT0S34JCSRR with PID 10008 (E:\IdeaProjects\medical\medical-web\target\classes started by Administrator in E:\IdeaProjects\medical)
2020-07-03 10:23:46,946 DEBUG (StartupInfoLogger.java:53)- Running with Spring Boot v2.1.1.RELEASE, Spring v5.1.3.RELEASE
2020-07-03 10:23:46,946 INFO (SpringApplication.java:675)- No active profile set, falling back to default profiles: default
2020-07-03 10:24:16,506 INFO (StartupInfoLogger.java:50)- Starting MedicalApplication on WIN-QT0S34JCSRR with PID 10008 (E:\IdeaProjects\medical\medical-web\target\classes started by Administrator in E:\IdeaProjects\medical)
2020-07-03 10:24:16,506 DEBUG (StartupInfoLogger.java:53)- Running with Spring Boot v2.1.1.RELEASE, Spring v5.1.3.RELEASE
2020-07-03 10:24:16,507 INFO (SpringApplication.java:675)- No active profile set, falling back to default profiles: default
2020-07-03 10:24:43,838 INFO (StartupInfoLogger.java:50)- Starting MedicalApplication on WIN-QT0S34JCSRR with PID 10008 (E:\IdeaProjects\medical\medical-web\target\classes started by Administrator in E:\IdeaProjects\medical)
2020-07-03 10:24:43,839 DEBUG (StartupInfoLogger.java:53)- Running with Spring Boot v2.1.1.RELEASE, Spring v5.1.3.RELEASE
2020-07-03 10:24:43,839 INFO (SpringApplication.java:675)- No active profile set, falling back to default profiles: default
2020-07-03 10:25:52,272 INFO (StartupInfoLogger.java:50)- Starting MedicalApplication on WIN-QT0S34JCSRR with PID 10008 (E:\IdeaProjects\medical\medical-web\target\classes started by Administrator in E:\IdeaProjects\medical)
2020-07-03 10:25:52,275 DEBUG (StartupInfoLogger.java:53)- Running with Spring Boot v2.1.1.RELEASE, Spring v5.1.3.RELEASE
2020-07-03 10:25:52,276 INFO (SpringApplication.java:675)- No active profile set, falling back to default profiles: default
2020-07-03 10:26:43,842 INFO (StartupInfoLogger.java:50)- Starting MedicalApplication on WIN-QT0S34JCSRR with PID 10008 (E:\IdeaProjects\medical\medical-web\target\classes started by Administrator in E:\IdeaProjects\medical)
2020-07-03 10:26:43,843 DEBUG (StartupInfoLogger.java:53)- Running with Spring Boot v2.1.1.RELEASE, Spring v5.1.3.RELEASE
2020-07-03 10:26:43,844 INFO (SpringApplication.java:675)- No active profile set, falling back to default profiles: default
2020-07-03 10:27:09,861 INFO (StartupInfoLogger.java:50)- Starting MedicalApplication on WIN-QT0S34JCSRR with PID 3280 (E:\IdeaProjects\medical\medical-web\target\classes started by Administrator in E:\IdeaProjects\medical)
2020-07-03 10:27:09,870 DEBUG (StartupInfoLogger.java:53)- Running with Spring Boot v2.1.1.RELEASE, Spring v5.1.3.RELEASE
2020-07-03 10:27:09,890 INFO (SpringApplication.java:675)- No active profile set, falling back to default profiles: default
