2020-07-04 21:28:45,318 DEBUG (BaseJdbcLogger.java:159)- <==      Total: 0
2020-07-04 21:28:45,343 DEBUG (BaseJdbcLogger.java:159)- ==>  Preparing: SELECT * FROM navigation n WHERE fatherid=0 AND nid=? 
2020-07-04 21:28:45,344 DEBUG (BaseJdbcLogger.java:159)- ==> Parameters: 112(Integer)
2020-07-04 21:28:45,345 DEBUG (BaseJdbcLogger.java:159)- <==      Total: 0
2020-07-04 21:28:45,345 DEBUG (BaseJdbcLogger.java:159)- ==>  Preparing: SELECT * FROM navigation n WHERE fatherid=0 AND nid=? 
2020-07-04 21:28:45,346 DEBUG (BaseJdbcLogger.java:159)- ==> Parameters: 113(Integer)
2020-07-04 21:28:45,347 DEBUG (BaseJdbcLogger.java:159)- <==      Total: 0
2020-07-04 21:28:45,347 DEBUG (BaseJdbcLogger.java:159)- ==>  Preparing: SELECT * FROM navigation n WHERE fatherid=0 AND nid=? 
2020-07-04 21:28:45,371 DEBUG (BaseJdbcLogger.java:159)- ==> Parameters: 114(Integer)
2020-07-04 21:28:45,372 DEBUG (BaseJdbcLogger.java:159)- <==      Total: 0
2020-07-04 21:28:45,373 DEBUG (BaseJdbcLogger.java:159)- ==>  Preparing: SELECT * FROM navigation n WHERE fatherid=0 AND nid=? 
2020-07-04 21:28:45,374 DEBUG (BaseJdbcLogger.java:159)- ==> Parameters: 115(Integer)
2020-07-04 21:28:45,374 DEBUG (BaseJdbcLogger.java:159)- <==      Total: 0
2020-07-04 21:28:45,375 DEBUG (BaseJdbcLogger.java:159)- ==>  Preparing: SELECT * FROM navigation n WHERE fatherid=0 AND nid=? 
2020-07-04 21:28:45,375 DEBUG (BaseJdbcLogger.java:159)- ==> Parameters: 116(Integer)
2020-07-04 21:28:45,376 DEBUG (BaseJdbcLogger.java:159)- <==      Total: 0
2020-07-04 21:28:45,376 DEBUG (BaseJdbcLogger.java:159)- ==>  Preparing: SELECT * FROM navigation n WHERE fatherid=0 AND nid=? 
2020-07-04 21:28:45,376 DEBUG (BaseJdbcLogger.java:159)- ==> Parameters: 117(Integer)
2020-07-04 21:28:45,377 DEBUG (BaseJdbcLogger.java:159)- <==      Total: 0
2020-07-04 21:28:45,377 DEBUG (BaseJdbcLogger.java:159)- ==>  Preparing: SELECT * FROM navigation n WHERE fatherid=0 AND nid=? 
2020-07-04 21:28:45,378 DEBUG (BaseJdbcLogger.java:159)- ==> Parameters: 118(Integer)
2020-07-04 21:28:45,378 DEBUG (BaseJdbcLogger.java:159)- <==      Total: 0
2020-07-04 21:28:45,378 DEBUG (BaseJdbcLogger.java:159)- ==>  Preparing: SELECT * FROM navigation n WHERE fatherid=0 AND nid=? 
2020-07-04 21:28:45,379 DEBUG (BaseJdbcLogger.java:159)- ==> Parameters: 119(Integer)
2020-07-04 21:28:45,379 DEBUG (BaseJdbcLogger.java:159)- <==      Total: 0
2020-07-04 21:28:45,380 DEBUG (BaseJdbcLogger.java:159)- ==>  Preparing: SELECT * FROM navigation n WHERE fatherid=0 AND nid=? 
2020-07-04 21:28:45,380 DEBUG (BaseJdbcLogger.java:159)- ==> Parameters: 120(Integer)
2020-07-04 21:28:45,380 DEBUG (BaseJdbcLogger.java:159)- <==      Total: 0
2020-07-04 21:28:45,381 DEBUG (BaseJdbcLogger.java:159)- ==>  Preparing: SELECT * FROM navigation n WHERE fatherid=0 AND nid=? 
2020-07-04 21:28:45,381 DEBUG (BaseJdbcLogger.java:159)- ==> Parameters: 121(Integer)
2020-07-04 21:28:45,382 DEBUG (BaseJdbcLogger.java:159)- <==      Total: 0
2020-07-04 21:28:45,382 DEBUG (BaseJdbcLogger.java:159)- ==>  Preparing: SELECT * FROM navigation n WHERE fatherid=0 AND nid=? 
2020-07-04 21:28:45,383 DEBUG (BaseJdbcLogger.java:159)- ==> Parameters: 122(Integer)
2020-07-04 21:28:45,383 DEBUG (BaseJdbcLogger.java:159)- <==      Total: 0
2020-07-04 21:28:45,384 DEBUG (BaseJdbcLogger.java:159)- ==>  Preparing: SELECT * FROM navigation n WHERE fatherid=0 AND nid=? 
2020-07-04 21:28:45,384 DEBUG (BaseJdbcLogger.java:159)- ==> Parameters: 123(Integer)
2020-07-04 21:28:45,384 DEBUG (BaseJdbcLogger.java:159)- <==      Total: 0
2020-07-04 21:28:45,384 DEBUG (BaseJdbcLogger.java:159)- ==>  Preparing: SELECT * FROM navigation n WHERE fatherid=0 AND nid=? 
2020-07-04 21:28:45,385 DEBUG (BaseJdbcLogger.java:159)- ==> Parameters: 124(Integer)
2020-07-04 21:28:45,385 DEBUG (BaseJdbcLogger.java:159)- <==      Total: 0
2020-07-04 21:28:45,385 DEBUG (BaseJdbcLogger.java:159)- ==>  Preparing: SELECT * FROM navigation n WHERE fatherid=0 AND nid=? 
2020-07-04 21:28:45,386 DEBUG (BaseJdbcLogger.java:159)- ==> Parameters: 125(Integer)
2020-07-04 21:28:45,386 DEBUG (BaseJdbcLogger.java:159)- <==      Total: 0
2020-07-04 21:28:45,387 DEBUG (BaseJdbcLogger.java:159)- ==>  Preparing: SELECT * FROM navigation n WHERE fatherid=0 AND nid=? 
2020-07-04 21:28:45,387 DEBUG (BaseJdbcLogger.java:159)- ==> Parameters: 126(Integer)
2020-07-04 21:28:45,388 DEBUG (BaseJdbcLogger.java:159)- <==      Total: 0
2020-07-04 21:28:45,388 DEBUG (BaseJdbcLogger.java:159)- ==>  Preparing: SELECT * FROM navigation n WHERE fatherid=0 AND nid=? 
2020-07-04 21:28:45,388 DEBUG (BaseJdbcLogger.java:159)- ==> Parameters: 127(Integer)
2020-07-04 21:28:45,389 DEBUG (BaseJdbcLogger.java:159)- <==      Total: 0
2020-07-04 21:28:45,389 DEBUG (BaseJdbcLogger.java:159)- ==>  Preparing: SELECT * FROM navigation n WHERE fatherid=0 AND nid=? 
2020-07-04 21:28:45,390 DEBUG (BaseJdbcLogger.java:159)- ==> Parameters: 128(Integer)
2020-07-04 21:28:45,390 DEBUG (BaseJdbcLogger.java:159)- <==      Total: 0
2020-07-04 21:28:45,390 DEBUG (BaseJdbcLogger.java:159)- ==>  Preparing: SELECT * FROM navigation n WHERE fatherid=0 AND nid=? 
2020-07-04 21:28:45,390 DEBUG (BaseJdbcLogger.java:159)- ==> Parameters: 129(Integer)
2020-07-04 21:28:45,391 DEBUG (BaseJdbcLogger.java:159)- <==      Total: 0
2020-07-04 21:28:45,391 DEBUG (BaseJdbcLogger.java:159)- ==>  Preparing: SELECT * FROM navigation n WHERE fatherid=0 AND nid=? 
2020-07-04 21:28:45,392 DEBUG (BaseJdbcLogger.java:159)- ==> Parameters: 130(Integer)
2020-07-04 21:28:45,392 DEBUG (BaseJdbcLogger.java:159)- <==      Total: 0
2020-07-04 21:28:45,393 DEBUG (BaseJdbcLogger.java:159)- ==>  Preparing: SELECT * FROM navigation n WHERE fatherid=0 AND nid=? 
2020-07-04 21:28:45,393 DEBUG (BaseJdbcLogger.java:159)- ==> Parameters: 131(Integer)
2020-07-04 21:28:45,393 DEBUG (BaseJdbcLogger.java:159)- <==      Total: 0
2020-07-04 21:28:45,394 DEBUG (BaseJdbcLogger.java:159)- ==>  Preparing: SELECT * FROM navigation n WHERE fatherid=0 AND nid=? 
2020-07-04 21:28:45,394 DEBUG (BaseJdbcLogger.java:159)- ==> Parameters: 132(Integer)
2020-07-04 21:28:45,394 DEBUG (BaseJdbcLogger.java:159)- <==      Total: 0
2020-07-04 21:28:45,395 DEBUG (BaseJdbcLogger.java:159)- ==>  Preparing: SELECT * FROM navigation n WHERE fatherid=0 AND nid=? 
2020-07-04 21:28:45,395 DEBUG (BaseJdbcLogger.java:159)- ==> Parameters: 133(Integer)
2020-07-04 21:28:45,396 DEBUG (BaseJdbcLogger.java:159)- <==      Total: 0
2020-07-04 21:28:45,396 DEBUG (BaseJdbcLogger.java:159)- ==>  Preparing: SELECT * FROM navigation n WHERE fatherid=0 AND nid=? 
2020-07-04 21:28:45,397 DEBUG (BaseJdbcLogger.java:159)- ==> Parameters: 134(Integer)
2020-07-04 21:28:45,397 DEBUG (BaseJdbcLogger.java:159)- <==      Total: 0
2020-07-04 21:28:45,398 DEBUG (BaseJdbcLogger.java:159)- ==>  Preparing: SELECT * FROM navigation n WHERE fatherid=0 AND nid=? 
2020-07-04 21:28:45,398 DEBUG (BaseJdbcLogger.java:159)- ==> Parameters: 135(Integer)
2020-07-04 21:28:45,399 DEBUG (BaseJdbcLogger.java:159)- <==      Total: 0
2020-07-04 21:28:45,400 DEBUG (BaseJdbcLogger.java:159)- ==>  Preparing: SELECT * FROM navigation n WHERE fatherid=0 AND nid=? 
2020-07-04 21:28:45,400 DEBUG (BaseJdbcLogger.java:159)- ==> Parameters: 136(Integer)
2020-07-04 21:28:45,401 DEBUG (BaseJdbcLogger.java:159)- <==      Total: 0
2020-07-04 21:28:45,401 DEBUG (BaseJdbcLogger.java:159)- ==>  Preparing: SELECT * FROM navigation n WHERE fatherid=0 AND nid=? 
2020-07-04 21:28:45,402 DEBUG (BaseJdbcLogger.java:159)- ==> Parameters: 137(Integer)
2020-07-04 21:28:45,402 DEBUG (BaseJdbcLogger.java:159)- <==      Total: 0
2020-07-04 21:28:45,403 DEBUG (BaseJdbcLogger.java:159)- ==>  Preparing: SELECT * FROM navigation n WHERE fatherid=0 AND nid=? 
2020-07-04 21:28:45,403 DEBUG (BaseJdbcLogger.java:159)- ==> Parameters: 138(Integer)
2020-07-04 21:28:45,403 DEBUG (BaseJdbcLogger.java:159)- <==      Total: 0
2020-07-04 21:28:45,404 DEBUG (BaseJdbcLogger.java:159)- ==>  Preparing: SELECT * FROM navigation n WHERE fatherid=0 AND nid=? 
2020-07-04 21:28:45,404 DEBUG (BaseJdbcLogger.java:159)- ==> Parameters: 139(Integer)
2020-07-04 21:28:45,405 DEBUG (BaseJdbcLogger.java:159)- <==      Total: 0
2020-07-04 21:28:45,406 DEBUG (BaseJdbcLogger.java:159)- ==>  Preparing: SELECT * FROM navigation n WHERE fatherid=0 AND nid=? 
2020-07-04 21:28:45,406 DEBUG (BaseJdbcLogger.java:159)- ==> Parameters: 140(Integer)
2020-07-04 21:28:45,407 DEBUG (BaseJdbcLogger.java:159)- <==      Total: 0
2020-07-04 21:28:45,407 DEBUG (BaseJdbcLogger.java:159)- ==>  Preparing: SELECT * FROM navigation n WHERE fatherid=0 AND nid=? 
2020-07-04 21:28:45,408 DEBUG (BaseJdbcLogger.java:159)- ==> Parameters: 141(Integer)
2020-07-04 21:28:45,408 DEBUG (BaseJdbcLogger.java:159)- <==      Total: 0
2020-07-04 21:28:45,409 DEBUG (BaseJdbcLogger.java:159)- ==>  Preparing: SELECT * FROM navigation n WHERE fatherid=0 AND nid=? 
2020-07-04 21:28:45,409 DEBUG (BaseJdbcLogger.java:159)- ==> Parameters: 142(Integer)
2020-07-04 21:28:45,410 DEBUG (BaseJdbcLogger.java:159)- <==      Total: 0
2020-07-04 21:28:45,410 DEBUG (BaseJdbcLogger.java:159)- ==>  Preparing: SELECT * FROM navigation n WHERE fatherid=0 AND nid=? 
2020-07-04 21:28:45,411 DEBUG (BaseJdbcLogger.java:159)- ==> Parameters: 143(Integer)
2020-07-04 21:28:45,411 DEBUG (BaseJdbcLogger.java:159)- <==      Total: 0
2020-07-04 21:28:45,412 DEBUG (BaseJdbcLogger.java:159)- ==>  Preparing: SELECT * FROM navigation n WHERE fatherid=0 AND nid=? 
2020-07-04 21:28:45,412 DEBUG (BaseJdbcLogger.java:159)- ==> Parameters: 144(Integer)
2020-07-04 21:28:45,412 DEBUG (BaseJdbcLogger.java:159)- <==      Total: 0
2020-07-04 21:28:45,413 DEBUG (BaseJdbcLogger.java:159)- ==>  Preparing: SELECT * FROM navigation n WHERE fatherid=0 AND nid=? 
2020-07-04 21:28:45,413 DEBUG (BaseJdbcLogger.java:159)- ==> Parameters: 145(Integer)
2020-07-04 21:28:45,414 DEBUG (BaseJdbcLogger.java:159)- <==      Total: 0
2020-07-04 21:28:45,415 DEBUG (BaseJdbcLogger.java:159)- ==>  Preparing: SELECT * FROM navigation n WHERE fatherid=0 AND nid=? 
2020-07-04 21:28:45,415 DEBUG (BaseJdbcLogger.java:159)- ==> Parameters: 146(Integer)
2020-07-04 21:28:45,416 DEBUG (BaseJdbcLogger.java:159)- <==      Total: 0
2020-07-04 21:28:45,416 DEBUG (BaseJdbcLogger.java:159)- ==>  Preparing: SELECT * FROM navigation n WHERE fatherid=0 AND nid=? 
2020-07-04 21:28:45,417 DEBUG (BaseJdbcLogger.java:159)- ==> Parameters: 147(Integer)
2020-07-04 21:28:45,417 DEBUG (BaseJdbcLogger.java:159)- <==      Total: 0
2020-07-04 21:28:45,418 DEBUG (BaseJdbcLogger.java:159)- ==>  Preparing: SELECT * FROM navigation n WHERE fatherid=0 AND nid=? 
2020-07-04 21:28:45,418 DEBUG (BaseJdbcLogger.java:159)- ==> Parameters: 148(Integer)
2020-07-04 21:28:45,419 DEBUG (BaseJdbcLogger.java:159)- <==      Total: 0
2020-07-04 21:28:45,419 DEBUG (BaseJdbcLogger.java:159)- ==>  Preparing: SELECT * FROM navigation n WHERE fatherid=0 AND nid=? 
2020-07-04 21:28:45,420 DEBUG (BaseJdbcLogger.java:159)- ==> Parameters: 149(Integer)
2020-07-04 21:28:45,420 DEBUG (BaseJdbcLogger.java:159)- <==      Total: 0
2020-07-04 21:28:45,421 DEBUG (BaseJdbcLogger.java:159)- ==>  Preparing: SELECT * FROM navigation n WHERE fatherid=0 AND nid=? 
2020-07-04 21:28:45,421 DEBUG (BaseJdbcLogger.java:159)- ==> Parameters: 150(Integer)
2020-07-04 21:28:45,422 DEBUG (BaseJdbcLogger.java:159)- <==      Total: 0
2020-07-04 21:28:45,422 DEBUG (BaseJdbcLogger.java:159)- ==>  Preparing: SELECT * FROM navigation n WHERE fatherid=0 AND nid=? 
2020-07-04 21:28:45,423 DEBUG (BaseJdbcLogger.java:159)- ==> Parameters: 151(Integer)
2020-07-04 21:28:45,423 DEBUG (BaseJdbcLogger.java:159)- <==      Total: 0
2020-07-04 21:47:53,023 INFO (StartupInfoLogger.java:50)- Starting MedicalApplication on DESKTOP-KMIJRQS with PID 19268 (D:\medical\medical-web\target\classes started by PC in D:\medical)
2020-07-04 21:47:53,023 DEBUG (StartupInfoLogger.java:53)- Running with Spring Boot v2.1.1.RELEASE, Spring v5.1.3.RELEASE
2020-07-04 21:47:53,023 INFO (SpringApplication.java:675)- No active profile set, falling back to default profiles: default
2020-07-04 21:47:55,321 INFO (StartupInfoLogger.java:50)- Starting MedicalApplication on DESKTOP-KMIJRQS with PID 19268 (D:\medical\medical-web\target\classes started by PC in D:\medical)
2020-07-04 21:47:55,321 DEBUG (StartupInfoLogger.java:53)- Running with Spring Boot v2.1.1.RELEASE, Spring v5.1.3.RELEASE
2020-07-04 21:47:55,322 INFO (SpringApplication.java:675)- No active profile set, falling back to default profiles: default
2020-07-04 21:47:59,668 INFO (StartupInfoLogger.java:50)- Starting MedicalApplication on DESKTOP-KMIJRQS with PID 19268 (D:\medical\medical-web\target\classes started by PC in D:\medical)
2020-07-04 21:47:59,668 DEBUG (StartupInfoLogger.java:53)- Running with Spring Boot v2.1.1.RELEASE, Spring v5.1.3.RELEASE
2020-07-04 21:47:59,668 INFO (SpringApplication.java:675)- No active profile set, falling back to default profiles: default
2020-07-04 21:48:01,699 INFO (StartupInfoLogger.java:50)- Starting MedicalApplication on DESKTOP-KMIJRQS with PID 19268 (D:\medical\medical-web\target\classes started by PC in D:\medical)
2020-07-04 21:48:01,699 DEBUG (StartupInfoLogger.java:53)- Running with Spring Boot v2.1.1.RELEASE, Spring v5.1.3.RELEASE
2020-07-04 21:48:01,699 INFO (SpringApplication.java:675)- No active profile set, falling back to default profiles: default
2020-07-04 21:48:03,698 INFO (StartupInfoLogger.java:50)- Starting MedicalApplication on DESKTOP-KMIJRQS with PID 19268 (D:\medical\medical-web\target\classes started by PC in D:\medical)
2020-07-04 21:48:03,699 DEBUG (StartupInfoLogger.java:53)- Running with Spring Boot v2.1.1.RELEASE, Spring v5.1.3.RELEASE
2020-07-04 21:48:03,699 INFO (SpringApplication.java:675)- No active profile set, falling back to default profiles: default
2020-07-04 21:48:22,737 INFO (StartupInfoLogger.java:50)- Starting MedicalApplication on DESKTOP-KMIJRQS with PID 19268 (D:\medical\medical-web\target\classes started by PC in D:\medical)
2020-07-04 21:48:22,738 DEBUG (StartupInfoLogger.java:53)- Running with Spring Boot v2.1.1.RELEASE, Spring v5.1.3.RELEASE
2020-07-04 21:48:22,738 INFO (SpringApplication.java:675)- No active profile set, falling back to default profiles: default
